<html>
<head>
<title>TestNG:  Report Test</title>
<link href="../testng.css" rel="stylesheet" type="text/css" />
<link href="../my-testng.css" rel="stylesheet" type="text/css" />

<style type="text/css">
.log { display: none;} 
.stack-trace { display: none;} 
</style>
<script type="text/javascript">
<!--
function flip(e) {
  current = e.style.display;
  if (current == 'block') {
    e.style.display = 'none';
    return 0;
  }
  else {
    e.style.display = 'block';
    return 1;
  }
}

function toggleBox(szDivId, elem, msg1, msg2)
{
  var res = -1;  if (document.getElementById) {
    res = flip(document.getElementById(szDivId));
  }
  else if (document.all) {
    // this is the way old msie versions work
    res = flip(document.all[szDivId]);
  }
  if(elem) {
    if(res == 0) elem.innerHTML = msg1; else elem.innerHTML = msg2;
  }

}

function toggleAllBoxes() {
  if (document.getElementsByTagName) {
    d = document.getElementsByTagName('div');
    for (i = 0; i < d.length; i++) {
      if (d[i].className == 'log') {
        flip(d[i]);
      }
    }
  }
}

// -->
</script>

</head>
<body>
<h2 align='center'>Report Test</h2><table border='1' align="center">
<tr>
<td>Tests passed/Failed/Skipped:</td><td>9/2/0</td>
</tr><tr>
<td>Started on:</td><td>Thu Dec 24 10:44:06 IST 2020</td>
</tr>
<tr><td>Total time:</td><td>253 seconds (253262 ms)</td>
</tr><tr>
<td>Included groups:</td><td></td>
</tr><tr>
<td>Excluded groups:</td><td></td>
</tr>
</table><p/>
<small><i>(Hover the method name to see the test class name)</i></small><p/>
<table width='100%' border='1' class='invocation-failed'>
<tr><td colspan='4' align='center'><b>FAILED TESTS</b></td></tr>
<tr><td><b>Test method</b></td>
<td width="30%"><b>Exception</b></td>
<td width="10%"><b>Time (seconds)</b></td>
<td><b>Instance</b></td>
</tr>
<tr>
<td title='configurePIM.TestRunnerConfigurePIM.runScenario()'><b>runScenario</b><br>Test class: configurePIM.TestRunnerConfigurePIM<br>Test method: Runs Cucumber Scenarios<br>Parameters: "No fields can be saved none of the checkboxes are selected", "Optional[Check Configure PIM functionality]"</td>
<td><div><pre>java.lang.AssertionError: When user does not select any checkbox to save, still shows successful message on click
	at org.junit.Assert.fail(Assert.java:89)
	at configurePIM.StepDefConfigurePIM.error_message_is_displayed_or_user_is_prompted_that_no_field_is_chosen(StepDefConfigurePIM.java:155)
	at ?.error message is displayed or user is prompted that no field is chosen(classpath:configurePIM/configurePIM.feature:32)
</pre></div><a href='#' onClick='toggleBox("stack-trace222040741", this, "Click to show all stack frames", "Click to hide stack frames")'>Click to show all stack frames</a>
<div class='stack-trace' id='stack-trace222040741'><pre>java.lang.AssertionError: When user does not select any checkbox to save, still shows successful message on click
	at org.junit.Assert.fail(Assert.java:89)
	at configurePIM.StepDefConfigurePIM.error_message_is_displayed_or_user_is_prompted_that_no_field_is_chosen(StepDefConfigurePIM.java:155)
	at ?.error message is displayed or user is prompted that no field is chosen(classpath:configurePIM/configurePIM.feature:32)
</pre></div></td>
<td>29</td>
<td>configurePIM.TestRunnerConfigurePIM@51dcb805</td></tr>
<tr>
<td title='reportingmethods.TestRunnerAddReportingMethod.runScenario()'><b>runScenario</b><br>Test class: reportingmethods.TestRunnerAddReportingMethod<br>Test method: Runs Cucumber Scenarios<br>Parameters: "User can add a new Reporting Method", "Optional[Check addition of a new Reporting Method]"</td>
<td><div><pre>java.lang.AssertionError: successful message is shown for adding a new reporting method
	at org.junit.Assert.fail(Assert.java:89)
	at reportingmethods.StepDefAddReportingMethod.a_new_reporting_method_is_added_as_message_is_displayed(StepDefAddReportingMethod.java:119)
	at ?.a new Reporting Method is added as message is displayed(classpath:reportingmethods/addreportingmethod.feature:13)
</pre></div><a href='#' onClick='toggleBox("stack-trace136536229", this, "Click to show all stack frames", "Click to hide stack frames")'>Click to show all stack frames</a>
<div class='stack-trace' id='stack-trace136536229'><pre>java.lang.AssertionError: successful message is shown for adding a new reporting method
	at org.junit.Assert.fail(Assert.java:89)
	at reportingmethods.StepDefAddReportingMethod.a_new_reporting_method_is_added_as_message_is_displayed(StepDefAddReportingMethod.java:119)
	at ?.a new Reporting Method is added as message is displayed(classpath:reportingmethods/addreportingmethod.feature:13)
</pre></div></td>
<td>30</td>
<td>reportingmethods.TestRunnerAddReportingMethod@66498326</td></tr>
</table><p>
<table width='100%' border='1' class='invocation-passed'>
<tr><td colspan='4' align='center'><b>PASSED TESTS</b></td></tr>
<tr><td><b>Test method</b></td>
<td width="30%"><b>Exception</b></td>
<td width="10%"><b>Time (seconds)</b></td>
<td><b>Instance</b></td>
</tr>
<tr>
<td title='login.TestRunnerLogin.runScenario()'><b>runScenario</b><br>Test class: login.TestRunnerLogin<br>Test method: Runs Cucumber Scenarios<br>Parameters: "User can login with valid credentials", "Optional[Check login functionality]"</td>
<td></td>
<td>27</td>
<td>login.TestRunnerLogin@625732</td></tr>
<tr>
<td title='login.TestRunnerLogin.runScenario()'><b>runScenario</b><br>Test class: login.TestRunnerLogin<br>Test method: Runs Cucumber Scenarios<br>Parameters: "User cannot login with invalid credentials", "Optional[Check login functionality]"</td>
<td></td>
<td>17</td>
<td>login.TestRunnerLogin@625732</td></tr>
<tr>
<td title='login.TestRunnerLogin.runScenario()'><b>runScenario</b><br>Test class: login.TestRunnerLogin<br>Test method: Runs Cucumber Scenarios<br>Parameters: "User cannot login with invalid credentials", "Optional[Check login functionality]"</td>
<td></td>
<td>16</td>
<td>login.TestRunnerLogin@625732</td></tr>
<tr>
<td title='login.TestRunnerLogin.runScenario()'><b>runScenario</b><br>Test class: login.TestRunnerLogin<br>Test method: Runs Cucumber Scenarios<br>Parameters: "User cannot login with invalid credentials", "Optional[Check login functionality]"</td>
<td></td>
<td>16</td>
<td>login.TestRunnerLogin@625732</td></tr>
<tr>
<td title='login.TestRunnerLogin.runScenario()'><b>runScenario</b><br>Test class: login.TestRunnerLogin<br>Test method: Runs Cucumber Scenarios<br>Parameters: "User cannot login with invalid credentials", "Optional[Check login functionality]"</td>
<td></td>
<td>15</td>
<td>login.TestRunnerLogin@625732</td></tr>
<tr>
<td title='login.TestRunnerLogin.runScenario()'><b>runScenario</b><br>Test class: login.TestRunnerLogin<br>Test method: Runs Cucumber Scenarios<br>Parameters: "User cannot login with invalid credentials", "Optional[Check login functionality]"</td>
<td></td>
<td>13</td>
<td>login.TestRunnerLogin@625732</td></tr>
<tr>
<td title='login.TestRunnerLogin.runScenario()'><b>runScenario</b><br>Test class: login.TestRunnerLogin<br>Test method: Runs Cucumber Scenarios<br>Parameters: "User cannot login with invalid credentials", "Optional[Check login functionality]"</td>
<td></td>
<td>15</td>
<td>login.TestRunnerLogin@625732</td></tr>
<tr>
<td title='configurePIM.TestRunnerConfigurePIM.runScenario()'><b>runScenario</b><br>Test class: configurePIM.TestRunnerConfigurePIM<br>Test method: Runs Cucumber Scenarios<br>Parameters: "User can save all the fields together", "Optional[Check Configure PIM functionality]"</td>
<td></td>
<td>30</td>
<td>configurePIM.TestRunnerConfigurePIM@51dcb805</td></tr>
<tr>
<td title='configurePIM.TestRunnerConfigurePIM.runScenario()'><b>runScenario</b><br>Test class: configurePIM.TestRunnerConfigurePIM<br>Test method: Runs Cucumber Scenarios<br>Parameters: "User can save fields as per wish", "Optional[Check Configure PIM functionality]"</td>
<td></td>
<td>39</td>
<td>configurePIM.TestRunnerConfigurePIM@51dcb805</td></tr>
</table><p>
</body>
</html>